<?xml version="1.0" encoding="UTF-8"?>
<!-- Generated by org.testng.reporters.JUnitReportReporter -->
<testsuite hostname="DESKTOP-189EDUB" failures="0" tests="6" name="dpnztestcases.DPNZloginTest" time="174.244" errors="0" timestamp="28 Apr 2018 05:20:26 GMT" skipped="0">
  <testcase classname="dpnztestcases.DPNZloginTest" name="invalidpswdloginTest" time="27.521"/>
  <testcase classname="dpnztestcases.DPNZloginTest" name="invalidnullpwdloginTest" time="27.047"/>
  <testcase classname="dpnztestcases.DPNZloginTest" name="invalidnullusernameloginTest" time="26.508"/>
  <testcase classname="dpnztestcases.DPNZloginTest" name="invalidusernameloginTest" time="21.765"/>
  <testcase classname="dpnztestcases.DPNZloginTest" name="invalidnullloginTest" time="27.357"/>
  <testcase classname="dpnztestcases.DPNZloginTest" name="validloginTest" time="44.046"/>
</testsuite> <!-- dpnztestcases.DPNZloginTest -->
