<?xml version="1.0" encoding="UTF-8"?>
<!-- Generated by org.testng.reporters.JUnitReportReporter -->
<testsuite hostname="DESKTOP-189EDUB" failures="0" tests="6" name="dpnztestcases.DPNZloginTest" time="132.038" errors="0" timestamp="26 Apr 2018 03:24:42 GMT" skipped="0">
  <testcase classname="dpnztestcases.DPNZloginTest" name="invalidnullpwdloginTest" time="26.437"/>
  <testcase classname="dpnztestcases.DPNZloginTest" name="invalidnullusernameloginTest" time="19.566"/>
  <testcase classname="dpnztestcases.DPNZloginTest" name="invalidnullloginTest" time="25.255"/>
  <testcase classname="dpnztestcases.DPNZloginTest" name="invalidpswdloginTest" time="25.151"/>
  <testcase classname="dpnztestcases.DPNZloginTest" name="validloginTest" time="15.093"/>
  <testcase classname="dpnztestcases.DPNZloginTest" name="invalidusernameloginTest" time="20.536"/>
</testsuite> <!-- dpnztestcases.DPNZloginTest -->
