<?xml version="1.0" encoding="UTF-8"?>
<!-- Generated by org.testng.reporters.JUnitReportReporter -->
<testsuite hostname="DESKTOP-189EDUB" failures="0" tests="6" name="dpnztestcases.DPNZloginTest" time="138.932" errors="0" timestamp="27 Apr 2018 03:57:27 GMT" skipped="0">
  <testcase classname="dpnztestcases.DPNZloginTest" name="invalidpswdloginTest" time="24.507"/>
  <testcase classname="dpnztestcases.DPNZloginTest" name="validloginTest" time="27.358"/>
  <testcase classname="dpnztestcases.DPNZloginTest" name="invalidnullloginTest" time="24.531"/>
  <testcase classname="dpnztestcases.DPNZloginTest" name="invalidnullpwdloginTest" time="24.289"/>
  <testcase classname="dpnztestcases.DPNZloginTest" name="invalidnullusernameloginTest" time="18.808"/>
  <testcase classname="dpnztestcases.DPNZloginTest" name="invalidusernameloginTest" time="19.439"/>
</testsuite> <!-- dpnztestcases.DPNZloginTest -->
