<?xml version="1.0" encoding="UTF-8"?>
<!-- Generated by org.testng.reporters.JUnitReportReporter -->
<testsuite hostname="DESKTOP-189EDUB" failures="0" tests="5" name="dpnztestcases.dpnzSprint1" time="94.000" errors="0" timestamp="22 Apr 2018 06:44:47 GMT" skipped="0">
  <testcase classname="dpnztestcases.dpnzSprint1" name="invalidnullloginTest" time="20.480"/>
  <testcase classname="dpnztestcases.dpnzSprint1" name="invalidpswdloginTest" time="22.641"/>
  <testcase classname="dpnztestcases.dpnzSprint1" name="invalidnullusernameloginTest" time="17.103"/>
  <testcase classname="dpnztestcases.dpnzSprint1" name="invalidnullpwdloginTest" time="16.444"/>
  <testcase classname="dpnztestcases.dpnzSprint1" name="validloginTest" time="17.332"/>
</testsuite> <!-- dpnztestcases.dpnzSprint1 -->
