<?xml version="1.0" encoding="UTF-8"?>
<!-- Generated by org.testng.reporters.JUnitReportReporter -->
<testsuite hostname="DESKTOP-189EDUB" failures="0" tests="1" name="dpnztestcases.DPNZsignupTest" time="32.438" errors="0" timestamp="23 May 2018 16:31:09 GMT" skipped="0">
  <testcase classname="dpnztestcases.DPNZsignupTest" name="validsignupTest" time="32.438"/>
</testsuite> <!-- dpnztestcases.DPNZsignupTest -->
