<?xml version="1.0" encoding="UTF-8"?>
<!-- Generated by org.testng.reporters.JUnitReportReporter -->
<testsuite hostname="DESKTOP-189EDUB" failures="0" tests="6" name="dpnztestcases.dpnzSprint1" time="135.043" errors="0" timestamp="26 Apr 2018 02:34:38 GMT" skipped="0">
  <testcase classname="dpnztestcases.dpnzSprint1" name="validloginTest" time="15.977"/>
  <testcase classname="dpnztestcases.dpnzSprint1" name="invalidusernameloginTest" time="20.765"/>
  <testcase classname="dpnztestcases.dpnzSprint1" name="invalidnullloginTest" time="25.337"/>
  <testcase classname="dpnztestcases.dpnzSprint1" name="invalidnullusernameloginTest" time="19.930"/>
  <testcase classname="dpnztestcases.dpnzSprint1" name="invalidnullpwdloginTest" time="27.624"/>
  <testcase classname="dpnztestcases.dpnzSprint1" name="invalidpswdloginTest" time="25.410"/>
</testsuite> <!-- dpnztestcases.dpnzSprint1 -->
