<?xml version="1.0" encoding="UTF-8"?>
<!-- Generated by org.testng.reporters.JUnitReportReporter -->
<testsuite hostname="DESKTOP-189EDUB" failures="0" tests="1" name="dpnztestcases.DPNZchangepasswordTest" time="73.548" errors="0" timestamp="28 Apr 2018 05:10:56 GMT" skipped="0">
  <testcase classname="dpnztestcases.DPNZchangepasswordTest" name="changepasswordTest" time="73.548"/>
</testsuite> <!-- dpnztestcases.DPNZchangepasswordTest -->
