<?xml version="1.0" encoding="UTF-8"?>
<!-- Generated by org.testng.reporters.JUnitReportReporter -->
<testsuite hostname="DESKTOP-189EDUB" failures="0" tests="1" name="dpnztestcases.DPNZloginTest" time="22.254" errors="0" timestamp="27 Apr 2018 02:58:06 GMT" skipped="0">
  <testcase classname="dpnztestcases.DPNZloginTest" name="validloginTest" time="22.254"/>
</testsuite> <!-- dpnztestcases.DPNZloginTest -->
