<?xml version="1.0" encoding="UTF-8"?>
<!-- Generated by org.testng.reporters.JUnitReportReporter -->
<testsuite hostname="DESKTOP-189EDUB" failures="0" tests="1" name="dpnztestcases.Gmail" time="9.680" errors="0" timestamp="26 Apr 2018 19:05:00 GMT" skipped="0">
  <testcase classname="dpnztestcases.Gmail" name="getmaillink" time="9.680"/>
</testsuite> <!-- dpnztestcases.Gmail -->
