<?xml version="1.0" encoding="UTF-8"?>
<!-- Generated by org.testng.reporters.JUnitReportReporter -->
<testsuite hostname="DESKTOP-189EDUB" failures="0" tests="1" name="dpnztestcases.DPNZsignupTest" time="30.408" errors="0" timestamp="27 Apr 2018 03:57:27 GMT" skipped="0">
  <testcase classname="dpnztestcases.DPNZsignupTest" name="validsignupTest" time="30.408"/>
</testsuite> <!-- dpnztestcases.DPNZsignupTest -->
