<?xml version="1.0" encoding="UTF-8"?>
<!-- Generated by org.testng.reporters.JUnitReportReporter -->
<testsuite hostname="DESKTOP-189EDUB" failures="0" tests="1" name="dpnztestcases.dpnzsignup" time="16.331" errors="0" timestamp="21 Apr 2018 11:23:36 GMT" skipped="0">
  <testcase classname="dpnztestcases.dpnzsignup" name="validsignup" time="16.331"/>
</testsuite> <!-- dpnztestcases.dpnzsignup -->
