<?xml version="1.0" encoding="UTF-8"?>
<!-- Generated by org.testng.reporters.JUnitReportReporter -->
<testsuite hostname="DESKTOP-189EDUB" failures="0" tests="1" name="dpnztestcases.DPNZchangepasswordTest" time="54.104" errors="0" timestamp="28 Apr 2018 05:20:26 GMT" skipped="0">
  <testcase classname="dpnztestcases.DPNZchangepasswordTest" name="changepasswordTest" time="54.104"/>
</testsuite> <!-- dpnztestcases.DPNZchangepasswordTest -->
